echo 'docker exec -i simapp simd query bank balances cosmos153rpdnp3jcq4kpac8njlyf4gmf724hm6repu72 --node=http://host.docker.internal:26657 --chain-id=tendermock --output=json'
docker exec -i simapp simd query bank balances cosmos153rpdnp3jcq4kpac8njlyf4gmf724hm6repu72 --node=http://host.docker.internal:26657 --chain-id=tendermock --output=json
# return code: 0
# {"balances":[{"denom":"stake","amount":"4999995000"}],"pagination":{"next_key":null,"total":"0"}}
# 
echo 'docker exec -i simapp simd query bank balances cosmos153rpdnp3jcq4kpac8njlyf4gmf724hm6repu72 --node=http://host.docker.internal:26657 --chain-id=tendermock --output=json'
docker exec -i simapp simd query bank balances cosmos153rpdnp3jcq4kpac8njlyf4gmf724hm6repu72 --node=http://host.docker.internal:26657 --chain-id=tendermock --output=json
# return code: 0
# {"balances":[{"denom":"stake","amount":"4999995000"}],"pagination":{"next_key":null,"total":"0"}}
# 
echo 'docker exec -i simapp simd query account cosmos153rpdnp3jcq4kpac8njlyf4gmf724hm6repu72 --node=http://host.docker.internal:26657 --chain-id=tendermock --output=json'
docker exec -i simapp simd query account cosmos153rpdnp3jcq4kpac8njlyf4gmf724hm6repu72 --node=http://host.docker.internal:26657 --chain-id=tendermock --output=json
# return code: 0
# {"@type":"/cosmos.auth.v1beta1.BaseAccount","address":"cosmos153rpdnp3jcq4kpac8njlyf4gmf724hm6repu72","pub_key":{"@type":"/cosmos.crypto.secp256k1.PubKey","key":"AicRCF2wkXo82DV25U9Sxe9NpntwYiNcKSwJWwd8ONah"},"account_number":"1","sequence":"1"}
# 
echo 'docker exec -i simapp simd tx bank send cosmos153rpdnp3jcq4kpac8njlyf4gmf724hm6repu72 cosmos134r9s82qv8fprz3y7fw5lv40yuvsh285vxev02 5000stake --from=node2 --chain-id=tendermock --generate-only'
docker exec -i simapp simd tx bank send cosmos153rpdnp3jcq4kpac8njlyf4gmf724hm6repu72 cosmos134r9s82qv8fprz3y7fw5lv40yuvsh285vxev02 5000stake --from=node2 --chain-id=tendermock --generate-only
# return code: 0
# {"body":{"messages":[{"@type":"/cosmos.bank.v1beta1.MsgSend","from_address":"cosmos153rpdnp3jcq4kpac8njlyf4gmf724hm6repu72","to_address":"cosmos134r9s82qv8fprz3y7fw5lv40yuvsh285vxev02","amount":[{"denom":"stake","amount":"5000"}]}],"memo":"","timeout_height":"0","extension_options":[],"non_critical_extension_options":[]},"auth_info":{"signer_infos":[],"fee":{"amount":[],"gas_limit":"200000","payer":"","granter":""}},"signatures":[]}
# 
echo 'docker exec -i simapp tee tx_tmp.json'
docker exec -i simapp tee tx_tmp.json
# return code: 0
# {"body":{"messages":[{"@type":"/cosmos.bank.v1beta1.MsgSend","from_address":"cosmos153rpdnp3jcq4kpac8njlyf4gmf724hm6repu72","to_address":"cosmos134r9s82qv8fprz3y7fw5lv40yuvsh285vxev02","amount":[{"denom":"stake","amount":"5000"}]}],"memo":"","timeout_height":"0","extension_options":[],"non_critical_extension_options":[]},"auth_info":{"signer_infos":[],"fee":{"amount":[],"gas_limit":"200000","payer":"","granter":""}},"signatures":[]}
# 
# 
echo 'docker exec -i simapp simd tx sign tx_tmp.json --chain-id=tendermock --from=node2 --offline --account-number 1 --sequence 1'
docker exec -i simapp simd tx sign tx_tmp.json --chain-id=tendermock --from=node2 --offline --account-number 1 --sequence 1
# return code: 0
# {"body":{"messages":[{"@type":"/cosmos.bank.v1beta1.MsgSend","from_address":"cosmos153rpdnp3jcq4kpac8njlyf4gmf724hm6repu72","to_address":"cosmos134r9s82qv8fprz3y7fw5lv40yuvsh285vxev02","amount":[{"denom":"stake","amount":"5000"}]}],"memo":"","timeout_height":"0","extension_options":[],"non_critical_extension_options":[]},"auth_info":{"signer_infos":[{"public_key":{"@type":"/cosmos.crypto.secp256k1.PubKey","key":"AicRCF2wkXo82DV25U9Sxe9NpntwYiNcKSwJWwd8ONah"},"mode_info":{"single":{"mode":"SIGN_MODE_DIRECT"}},"sequence":"1"}],"fee":{"amount":[],"gas_limit":"200000","payer":"","granter":""}},"signatures":["jo20+hqIrp2kzlq+44YH7nlyBhxqWrMkpJQakgJisA50ETTMO+ywtW9vag/iH64D9zePSgCQijqOnn1VHAD6Vg=="]}
# 
echo 'docker exec -i simapp tee signed_tx_tmp.json'
docker exec -i simapp tee signed_tx_tmp.json
# return code: 0
# {"body":{"messages":[{"@type":"/cosmos.bank.v1beta1.MsgSend","from_address":"cosmos153rpdnp3jcq4kpac8njlyf4gmf724hm6repu72","to_address":"cosmos134r9s82qv8fprz3y7fw5lv40yuvsh285vxev02","amount":[{"denom":"stake","amount":"5000"}]}],"memo":"","timeout_height":"0","extension_options":[],"non_critical_extension_options":[]},"auth_info":{"signer_infos":[{"public_key":{"@type":"/cosmos.crypto.secp256k1.PubKey","key":"AicRCF2wkXo82DV25U9Sxe9NpntwYiNcKSwJWwd8ONah"},"mode_info":{"single":{"mode":"SIGN_MODE_DIRECT"}},"sequence":"1"}],"fee":{"amount":[],"gas_limit":"200000","payer":"","granter":""}},"signatures":["jo20+hqIrp2kzlq+44YH7nlyBhxqWrMkpJQakgJisA50ETTMO+ywtW9vag/iH64D9zePSgCQijqOnn1VHAD6Vg=="]}
# 
# 
echo 'docker exec -i simapp simd tx broadcast --node=http://host.docker.internal:26657 signed_tx_tmp.json'
docker exec -i simapp simd tx broadcast --node=http://host.docker.internal:26657 signed_tx_tmp.json
# return code: 0
# code: 0
# codespace: ""
# data: ""
# events: []
# gas_used: "0"
# gas_wanted: "0"
# height: "0"
# info: ""
# logs: []
# raw_log: ""
# timestamp: ""
# tx: null
# txhash: ""
# 
echo 'docker exec -i simapp simd query bank balances cosmos153rpdnp3jcq4kpac8njlyf4gmf724hm6repu72 --node=http://host.docker.internal:26657 --chain-id=tendermock --output=json'
docker exec -i simapp simd query bank balances cosmos153rpdnp3jcq4kpac8njlyf4gmf724hm6repu72 --node=http://host.docker.internal:26657 --chain-id=tendermock --output=json
# return code: 0
# {"balances":[{"denom":"stake","amount":"4999990000"}],"pagination":{"next_key":null,"total":"0"}}
# 
echo 'docker exec -i simapp simd query bank balances cosmos153rpdnp3jcq4kpac8njlyf4gmf724hm6repu72 --node=http://host.docker.internal:26657 --chain-id=tendermock --output=json'
docker exec -i simapp simd query bank balances cosmos153rpdnp3jcq4kpac8njlyf4gmf724hm6repu72 --node=http://host.docker.internal:26657 --chain-id=tendermock --output=json
# return code: 0
# {"balances":[{"denom":"stake","amount":"4999990000"}],"pagination":{"next_key":null,"total":"0"}}
# 
